<?xml version="1.0" encoding="UTF-8"?>
<!-- Generated by org.testng.reporters.JUnitXMLReporter -->
<testsuite ignored="2" hostname="DESKTOP-6SGM6DP" failures="0" tests="1" name="Default test" time="42.076" errors="0" timestamp="2022-07-04T09:50:38 IST">
  <testcase classname="TestCases.DashboardPageTest" name="placeGTTOrderTest" time="28.939"/>
  <testcase classname="TestCases.DashboardPageTest" name="verifyEmailIdLabelTest" time="0.0">
    <ignored/>
  </testcase> <!-- verifyEmailIdLabelTest -->
  <testcase classname="TestCases.DashboardPageTest" name="verifyUsernameLabelTest" time="0.0">
    <ignored/>
  </testcase> <!-- verifyUsernameLabelTest -->
</testsuite> <!-- Default test -->
