<?xml version="1.0" encoding="UTF-8"?>
<testng-results ignored="2" total="3" passed="1" failed="0" skipped="0">
  <reporter-output>
  </reporter-output>
  <suite started-at="2022-07-04T09:49:56 IST" name="Default suite" finished-at="2022-07-04T09:50:38 IST" duration-ms="42076">
    <groups>
    </groups>
    <test started-at="2022-07-04T09:49:56 IST" name="Default test" finished-at="2022-07-04T09:50:38 IST" duration-ms="42076">
      <class name="TestCases.DashboardPageTest">
        <test-method is-config="true" signature="setup()[pri:0, instance:TestCases.DashboardPageTest@383bfa16]" started-at="2022-07-04T09:49:56 IST" name="setup" finished-at="2022-07-04T09:50:08 IST" duration-ms="12800" status="PASS">
          <reporter-output>
          </reporter-output>
        </test-method> <!-- setup -->
        <test-method signature="placeGTTOrderTest()[pri:0, instance:TestCases.DashboardPageTest@383bfa16]" started-at="2022-07-04T09:50:08 IST" name="placeGTTOrderTest" finished-at="2022-07-04T09:50:37 IST" duration-ms="28939" status="PASS">
          <reporter-output>
          </reporter-output>
        </test-method> <!-- placeGTTOrderTest -->
        <test-method is-config="true" signature="exit()[pri:0, instance:TestCases.DashboardPageTest@383bfa16]" started-at="2022-07-04T09:50:37 IST" name="exit" finished-at="2022-07-04T09:50:38 IST" duration-ms="276" status="PASS">
          <reporter-output>
          </reporter-output>
        </test-method> <!-- exit -->
      </class> <!-- TestCases.DashboardPageTest -->
    </test> <!-- Default test -->
  </suite> <!-- Default suite -->
</testng-results>
